# JRE version: Java(TM) SE Runtime Environment (8.0_31-b13) (build 1.8.0_31-b13)
# Java VM: Java HotSpot(TM) 64-Bit Server VM (25.31-b07 mixed mode windows-amd64 compressed oops)
Heap:
 PSYoungGen      total 320512K, used 10049K [0x00000000eb500000, 0x00000000ffb80000, 0x0000000100000000)
  eden space 307712K, 3% used [0x00000000eb500000,0x00000000ebed0710,0x00000000fe180000)
  from space 12800K, 0% used [0x00000000fef00000,0x00000000fef00000,0x00000000ffb80000)
  to   space 13312K, 0% used [0x00000000fe180000,0x00000000fe180000,0x00000000fee80000)
 ParOldGen       total 77312K, used 35452K [0x00000000c1e00000, 0x00000000c6980000, 0x00000000eb500000)
  object space 77312K, 45% used [0x00000000c1e00000,0x00000000c409f2d0,0x00000000c6980000)
 Metaspace       used 65748K, capacity 69282K, committed 69504K, reserved 1110016K
  class space    used 8656K, capacity 9316K, committed 9344K, reserved 1048576K
GC Heap History (10 events):
Event: 1654.031 GC heap before
{Heap before GC invocations=31 (full 9):
 PSYoungGen      total 321024K, used 6205K [0x00000000eb500000, 0x00000000ffd80000, 0x0000000100000000)
  eden space 307712K, 0% used [0x00000000eb500000,0x00000000eb500000,0x00000000fe180000)
  from space 13312K, 46% used [0x00000000ff080000,0x00000000ff68f718,0x00000000ffd80000)
  to   space 14336K, 0% used [0x00000000fe180000,0x00000000fe180000,0x00000000fef80000)
 ParOldGen       total 77312K, used 32787K [0x00000000c1e00000, 0x00000000c6980000, 0x00000000eb500000)
  object space 77312K, 42% used [0x00000000c1e00000,0x00000000c3e04ed0,0x00000000c6980000)
 Metaspace       used 64681K, capacity 67978K, committed 68352K, reserved 1107968K
  class space    used 8538K, capacity 9096K, committed 9216K, reserved 1048576K
Event: 1654.446 GC heap after
Heap after GC invocations=31 (full 9):
 PSYoungGen      total 321024K, used 0K [0x00000000eb500000, 0x00000000ffd80000, 0x0000000100000000)
  eden space 307712K, 0% used [0x00000000eb500000,0x00000000eb500000,0x00000000fe180000)
  from space 13312K, 0% used [0x00000000ff080000,0x00000000ff080000,0x00000000ffd80000)
  to   space 14336K, 0% used [0x00000000fe180000,0x00000000fe180000,0x00000000fef80000)
 ParOldGen       total 77312K, used 33687K [0x00000000c1e00000, 0x00000000c6980000, 0x00000000eb500000)
  object space 77312K, 43% used [0x00000000c1e00000,0x00000000c3ee5f38,0x00000000c6980000)
 Metaspace       used 64671K, capacity 67960K, committed 68352K, reserved 1107968K
  class space    used 8536K, capacity 9092K, committed 9216K, reserved 1048576K
}
Event: 1680.480 GC heap before
{Heap before GC invocations=32 (full 9):
 PSYoungGen      total 321024K, used 281119K [0x00000000eb500000, 0x00000000ffd80000, 0x0000000100000000)
  eden space 307712K, 91% used [0x00000000eb500000,0x00000000fc787d68,0x00000000fe180000)
  from space 13312K, 0% used [0x00000000ff080000,0x00000000ff080000,0x00000000ffd80000)
  to   space 14336K, 0% used [0x00000000fe180000,0x00000000fe180000,0x00000000fef80000)
 ParOldGen       total 77312K, used 33687K [0x00000000c1e00000, 0x00000000c6980000, 0x00000000eb500000)
  object space 77312K, 43% used [0x00000000c1e00000,0x00000000c3ee5f38,0x00000000c6980000)
 Metaspace       used 65186K, capacity 68530K, committed 68608K, reserved 1107968K
  class space    used 8588K, capacity 9170K, committed 9216K, reserved 1048576K
Event: 1680.511 GC heap after
Heap after GC invocations=32 (full 9):
 PSYoungGen      total 313856K, used 6106K [0x00000000eb500000, 0x00000000ffc80000, 0x0000000100000000)
  eden space 307712K, 0% used [0x00000000eb500000,0x00000000eb500000,0x00000000fe180000)
  from space 6144K, 99% used [0x00000000fe180000,0x00000000fe776b38,0x00000000fe780000)
  to   space 13824K, 0% used [0x00000000fef00000,0x00000000fef00000,0x00000000ffc80000)
 ParOldGen       total 77312K, used 33695K [0x00000000c1e00000, 0x00000000c6980000, 0x00000000eb500000)
  object space 77312K, 43% used [0x00000000c1e00000,0x00000000c3ee7f38,0x00000000c6980000)
 Metaspace       used 65186K, capacity 68530K, committed 68608K, reserved 1107968K
  class space    used 8588K, capacity 9170K, committed 9216K, reserved 1048576K
}
Event: 1680.512 GC heap before
{Heap before GC invocations=33 (full 10):
 PSYoungGen      total 313856K, used 6106K [0x00000000eb500000, 0x00000000ffc80000, 0x0000000100000000)
  eden space 307712K, 0% used [0x00000000eb500000,0x00000000eb500000,0x00000000fe180000)
  from space 6144K, 99% used [0x00000000fe180000,0x00000000fe776b38,0x00000000fe780000)
  to   space 13824K, 0% used [0x00000000fef00000,0x00000000fef00000,0x00000000ffc80000)
 ParOldGen       total 77312K, used 33695K [0x00000000c1e00000, 0x00000000c6980000, 0x00000000eb500000)
  object space 77312K, 43% used [0x00000000c1e00000,0x00000000c3ee7f38,0x00000000c6980000)
 Metaspace       used 65186K, capacity 68530K, committed 68608K, reserved 1107968K
  class space    used 8588K, capacity 9170K, committed 9216K, reserved 1048576K
Event: 1680.784 GC heap after
Heap after GC invocations=33 (full 10):
 PSYoungGen      total 313856K, used 0K [0x00000000eb500000, 0x00000000ffc80000, 0x0000000100000000)
  eden space 307712K, 0% used [0x00000000eb500000,0x00000000eb500000,0x00000000fe180000)
  from space 6144K, 0% used [0x00000000fe180000,0x00000000fe180000,0x00000000fe780000)
  to   space 13824K, 0% used [0x00000000fef00000,0x00000000fef00000,0x00000000ffc80000)
 ParOldGen       total 77312K, used 34582K [0x00000000c1e00000, 0x00000000c6980000, 0x00000000eb500000)
  object space 77312K, 44% used [0x00000000c1e00000,0x00000000c3fc59d0,0x00000000c6980000)
 Metaspace       used 65176K, capacity 68512K, committed 68608K, reserved 1107968K
  class space    used 8586K, capacity 9166K, committed 9216K, reserved 1048576K
}
Event: 1702.707 GC heap before
{Heap before GC invocations=34 (full 10):
 PSYoungGen      total 313856K, used 285593K [0x00000000eb500000, 0x00000000ffc80000, 0x0000000100000000)
  eden space 307712K, 92% used [0x00000000eb500000,0x00000000fcbe6450,0x00000000fe180000)
  from space 6144K, 0% used [0x00000000fe180000,0x00000000fe180000,0x00000000fe780000)
  to   space 13824K, 0% used [0x00000000fef00000,0x00000000fef00000,0x00000000ffc80000)
 ParOldGen       total 77312K, used 34582K [0x00000000c1e00000, 0x00000000c6980000, 0x00000000eb500000)
  object space 77312K, 44% used [0x00000000c1e00000,0x00000000c3fc59d0,0x00000000c6980000)
 Metaspace       used 65726K, capacity 69236K, committed 69504K, reserved 1110016K
  class space    used 8649K, capacity 9255K, committed 9344K, reserved 1048576K
Event: 1702.806 GC heap after
Heap after GC invocations=34 (full 10):
 PSYoungGen      total 320512K, used 6184K [0x00000000eb500000, 0x00000000ffb80000, 0x0000000100000000)
  eden space 307712K, 0% used [0x00000000eb500000,0x00000000eb500000,0x00000000fe180000)
  from space 12800K, 48% used [0x00000000fef00000,0x00000000ff50a0a8,0x00000000ffb80000)
  to   space 13312K, 0% used [0x00000000fe180000,0x00000000fe180000,0x00000000fee80000)
 ParOldGen       total 77312K, used 34590K [0x00000000c1e00000, 0x00000000c6980000, 0x00000000eb500000)
  object space 77312K, 44% used [0x00000000c1e00000,0x00000000c3fc79d0,0x00000000c6980000)
 Metaspace       used 65726K, capacity 69236K, committed 69504K, reserved 1110016K
  class space    used 8649K, capacity 9255K, committed 9344K, reserved 1048576K
}
Event: 1702.807 GC heap before
{Heap before GC invocations=35 (full 11):
 PSYoungGen      total 320512K, used 6184K [0x00000000eb500000, 0x00000000ffb80000, 0x0000000100000000)
  eden space 307712K, 0% used [0x00000000eb500000,0x00000000eb500000,0x00000000fe180000)
  from space 12800K, 48% used [0x00000000fef00000,0x00000000ff50a0a8,0x00000000ffb80000)
  to   space 13312K, 0% used [0x00000000fe180000,0x00000000fe180000,0x00000000fee80000)
 ParOldGen       total 77312K, used 34590K [0x00000000c1e00000, 0x00000000c6980000, 0x00000000eb500000)
  object space 77312K, 44% used [0x00000000c1e00000,0x00000000c3fc79d0,0x00000000c6980000)
 Metaspace       used 65726K, capacity 69236K, committed 69504K, reserved 1110016K
  class space    used 8649K, capacity 9255K, committed 9344K, reserved 1048576K
Event: 1703.194 GC heap after
Heap after GC invocations=35 (full 11):
 PSYoungGen      total 320512K, used 0K [0x00000000eb500000, 0x00000000ffb80000, 0x0000000100000000)
  eden space 307712K, 0% used [0x00000000eb500000,0x00000000eb500000,0x00000000fe180000)
  from space 12800K, 0% used [0x00000000fef00000,0x00000000fef00000,0x00000000ffb80000)
  to   space 13312K, 0% used [0x00000000fe180000,0x00000000fe180000,0x00000000fee80000)
 ParOldGen       total 77312K, used 35452K [0x00000000c1e00000, 0x00000000c6980000, 0x00000000eb500000)
  object space 77312K, 45% used [0x00000000c1e00000,0x00000000c409f2d0,0x00000000c6980000)
 Metaspace       used 65712K, capacity 69212K, committed 69504K, reserved 1110016K
  class space    used 8646K, capacity 9250K, committed 9344K, reserved 1048576K
}

